0 info it worked if it ends with ok
1 verbose cli [ 'C:\\Program Files\\nodejs\\node.exe',
1 verbose cli   'C:\\Program Files\\nodejs\\node_modules\\npm\\bin\\npm-cli.js',
1 verbose cli   'run',
1 verbose cli   'scss' ]
2 info using npm@3.10.9
3 info using node@v6.9.2
4 verbose run-script [ 'prescss', 'scss', 'postscss' ]
5 info lifecycle twitchtv-app@1.0.0~prescss: twitchtv-app@1.0.0
6 silly lifecycle twitchtv-app@1.0.0~prescss: no script for prescss, continuing
7 info lifecycle twitchtv-app@1.0.0~scss: twitchtv-app@1.0.0
8 verbose lifecycle twitchtv-app@1.0.0~scss: unsafe-perm in lifecycle true
9 verbose lifecycle twitchtv-app@1.0.0~scss: PATH: C:\Program Files\nodejs\node_modules\npm\bin\node-gyp-bin;C:\Users\Steve\Desktop\FCC-Frontend\Twitchtv-App\node_modules\.bin;C:\Users\Steve\bin;C:\Program Files\Git\mingw64\bin;C:\Program Files\Git\usr\local\bin;C:\Program Files\Git\usr\bin;C:\Program Files\Git\usr\bin;C:\Program Files\Git\mingw64\bin;C:\Program Files\Git\usr\bin;C:\Users\Steve\bin;C:\Windows\system32;C:\Windows;C:\Windows\System32\Wbem;C:\Windows\System32\WindowsPowerShell\v1.0;C:\Program Files (x86)\NVIDIA Corporation\PhysX\Common;C:\WINDOWS\system32;C:\WINDOWS;C:\WINDOWS\System32\Wbem;C:\WINDOWS\System32\WindowsPowerShell\v1.0;C:\Program Files\nodejs;C:\Program Files\Git\cmd;C:\Users\Steve\AppData\Local\atom\bin;C:\Users\Steve\AppData\Roaming\npm;C:\Users\Steve\AppData\Local\Microsoft\WindowsApps;C:\Program Files\Heroku\bin;C:\Program Files\Git\usr\bin\vendor_perl;C:\Program Files\Git\usr\bin\core_perl
10 verbose lifecycle twitchtv-app@1.0.0~scss: CWD: C:\Users\Steve\Desktop\FCC-Frontend\Twitchtv-App
11 silly lifecycle twitchtv-app@1.0.0~scss: Args: [ '/d /s /c', 'node-sass --watch scss -o css' ]
12 silly lifecycle twitchtv-app@1.0.0~scss: Returned: code: 3221225786  signal: null
13 info lifecycle twitchtv-app@1.0.0~scss: Failed to exec scss script
14 verbose stack Error: twitchtv-app@1.0.0 scss: `node-sass --watch scss -o css`
14 verbose stack Exit status 3221225786
14 verbose stack     at EventEmitter.<anonymous> (C:\Program Files\nodejs\node_modules\npm\lib\utils\lifecycle.js:255:16)
14 verbose stack     at emitTwo (events.js:106:13)
14 verbose stack     at EventEmitter.emit (events.js:191:7)
14 verbose stack     at ChildProcess.<anonymous> (C:\Program Files\nodejs\node_modules\npm\lib\utils\spawn.js:40:14)
14 verbose stack     at emitTwo (events.js:106:13)
14 verbose stack     at ChildProcess.emit (events.js:191:7)
14 verbose stack     at maybeClose (internal/child_process.js:877:16)
14 verbose stack     at Process.ChildProcess._handle.onexit (internal/child_process.js:226:5)
15 verbose pkgid twitchtv-app@1.0.0
16 verbose cwd C:\Users\Steve\Desktop\FCC-Frontend\Twitchtv-App
17 error Windows_NT 10.0.14393
18 error argv "C:\\Program Files\\nodejs\\node.exe" "C:\\Program Files\\nodejs\\node_modules\\npm\\bin\\npm-cli.js" "run" "scss"
19 error node v6.9.2
20 error npm  v3.10.9
21 error code ELIFECYCLE
22 error twitchtv-app@1.0.0 scss: `node-sass --watch scss -o css`
22 error Exit status 3221225786
23 error Failed at the twitchtv-app@1.0.0 scss script 'node-sass --watch scss -o css'.
23 error Make sure you have the latest version of node.js and npm installed.
23 error If you do, this is most likely a problem with the twitchtv-app package,
23 error not with npm itself.
23 error Tell the author that this fails on your system:
23 error     node-sass --watch scss -o css
23 error You can get information on how to open an issue for this project with:
23 error     npm bugs twitchtv-app
23 error Or if that isn't available, you can get their info via:
23 error     npm owner ls twitchtv-app
23 error There is likely additional logging output above.
24 verbose exit [ 1, true ]
